<?xml version="1.0" encoding="UTF-8"?>
<testng-results ignored="0" total="1" passed="1" failed="0" skipped="0">
  <reporter-output>
  </reporter-output>
  <suite started-at="2023-04-15T19:28:05 IST" name="Default suite" finished-at="2023-04-15T19:28:29 IST" duration-ms="23468">
    <groups>
    </groups>
    <test started-at="2023-04-15T19:28:05 IST" name="Default test" finished-at="2023-04-15T19:28:29 IST" duration-ms="23468">
      <class name="TestClasses.SignUpClass">
        <test-method is-config="true" signature="launchBrowser()[pri:0, instance:TestClasses.SignUpClass@15bb5034]" started-at="2023-04-15T19:28:06 IST" name="launchBrowser" finished-at="2023-04-15T19:28:27 IST" duration-ms="21258" status="PASS">
          <reporter-output>
          </reporter-output>
        </test-method> <!-- launchBrowser -->
        <test-method signature="signUpFB()[pri:0, instance:TestClasses.SignUpClass@15bb5034]" started-at="2023-04-15T19:28:27 IST" name="signUpFB" finished-at="2023-04-15T19:28:28 IST" duration-ms="1339" status="PASS">
          <reporter-output>
          </reporter-output>
        </test-method> <!-- signUpFB -->
        <test-method is-config="true" signature="tearDown()[pri:0, instance:TestClasses.SignUpClass@15bb5034]" started-at="2023-04-15T19:28:28 IST" name="tearDown" finished-at="2023-04-15T19:28:29 IST" duration-ms="741" status="PASS">
          <reporter-output>
          </reporter-output>
        </test-method> <!-- tearDown -->
      </class> <!-- TestClasses.SignUpClass -->
    </test> <!-- Default test -->
  </suite> <!-- Default suite -->
</testng-results>
